<?xml version="1.0" encoding="UTF-8"?>
<!-- Generated by org.testng.reporters.JUnitReportReporter -->
<testsuite hostname="AVNRED666-PC" failures="0" tests="1" name="alerts.FileUploadTests" time="11.824" errors="0" timestamp="2021-12-15T12:27:22 IST" skipped="0">
  <testcase classname="alerts.FileUploadTests" name="testFileUpload" time="11.824"/>
  <system-out/>
</testsuite> <!-- alerts.FileUploadTests -->
