<?xml version="1.0" encoding="UTF-8"?>
<!-- Generated by org.testng.reporters.JUnitReportReporter -->
<testsuite hostname="AVNRED666-PC" failures="0" tests="2" name="alerts.AlertsTests" time="9.967" errors="0" timestamp="2021-12-15T10:39:58 IST" skipped="0">
  <testcase classname="alerts.AlertsTests" name="testJSAlert" time="5.368"/>
  <system-out/>
  <testcase classname="alerts.AlertsTests" name="testJSConfirm" time="4.599"/>
  <system-out/>
</testsuite> <!-- alerts.AlertsTests -->
