<?xml version="1.0" encoding="UTF-8"?>
<!-- Generated by org.testng.reporters.JUnitReportReporter -->
<testsuite hostname="AVNRED666-PC" failures="0" tests="2" name="alerts.AlertsTests" time="9.925" errors="0" timestamp="2021-12-15T12:27:22 IST" skipped="0">
  <testcase classname="alerts.AlertsTests" name="testJSConfirm" time="4.580"/>
  <system-out/>
  <testcase classname="alerts.AlertsTests" name="testJSAlert" time="5.345"/>
  <system-out/>
</testsuite> <!-- alerts.AlertsTests -->
