<?xml version="1.0" encoding="UTF-8"?>
<!-- Generated by org.testng.reporters.JUnitReportReporter -->
<testsuite hostname="AVNRED666-PC" failures="0" tests="1" name="login.LoginTests" time="6.126" errors="0" timestamp="2021-12-15T22:10:20 IST" skipped="0">
  <testcase classname="login.LoginTests" name="testSuccessfulLogin" time="6.126"/>
  <system-out/>
</testsuite> <!-- login.LoginTests -->
