<?xml version="1.0" encoding="UTF-8"?>
<!-- Generated by org.testng.reporters.JUnitReportReporter -->
<testsuite hostname="AVNRED666-PC" failures="0" tests="2" name="dropdown.DropdownTests" time="10.820" errors="0" timestamp="2021-12-15T22:10:20 IST" skipped="0">
  <testcase classname="dropdown.DropdownTests" name="testDropdownSelectedOption" time="5.553"/>
  <system-out/>
  <testcase classname="dropdown.DropdownTests" name="testDropdownMultiSelect" time="5.267"/>
  <system-out/>
</testsuite> <!-- dropdown.DropdownTests -->
