<?xml version="1.0" encoding="UTF-8"?>
<!-- Generated by org.testng.reporters.JUnitReportReporter -->
<testsuite hostname="AVNRED666-PC" failures="0" tests="1" name="alerts.FileUploadTests" time="10.209" errors="0" timestamp="2021-12-15T22:10:20 IST" skipped="0">
  <testcase classname="alerts.FileUploadTests" name="testFileUpload" time="10.209"/>
  <system-out/>
</testsuite> <!-- alerts.FileUploadTests -->
