<?xml version="1.0" encoding="UTF-8"?>
<!-- Generated by org.testng.reporters.JUnitReportReporter -->
<testsuite hostname="AVNRED666-PC" failures="0" tests="2" name="dropdown.DropdownTests" time="9.852" errors="0" timestamp="2021-12-15T12:27:22 IST" skipped="0">
  <testcase classname="dropdown.DropdownTests" name="testDropdownMultiSelect" time="5.190"/>
  <system-out/>
  <testcase classname="dropdown.DropdownTests" name="testDropdownSelectedOption" time="4.662"/>
  <system-out/>
</testsuite> <!-- dropdown.DropdownTests -->
