<?xml version="1.0" encoding="UTF-8"?>
<!-- Generated by org.testng.reporters.JUnitReportReporter -->
<testsuite hostname="AVNRED666-PC" failures="0" tests="2" name="alerts.AlertsTests" time="11.492" errors="0" timestamp="2021-12-15T22:10:20 IST" skipped="0">
  <testcase classname="alerts.AlertsTests" name="testJSConfirm" time="6.183"/>
  <system-out/>
  <testcase classname="alerts.AlertsTests" name="testJSAlert" time="5.309"/>
  <system-out/>
</testsuite> <!-- alerts.AlertsTests -->
